  student.c.cpp
c:\users\dell\source\repos\student.c\student.c\student.c.cpp(9): error C4430: 缺少类型说明符 - 假定为 int。注意: C++ 不支持默认 int
c:\users\dell\source\repos\student.c\student.c\student.c.cpp(10): error C2065: “charvid”: 未声明的标识符
c:\users\dell\source\repos\student.c\student.c\student.c.cpp(10): error C2059: 语法错误:“;”
c:\users\dell\source\repos\student.c\student.c\student.c.cpp(12): error C2059: 语法错误:“}”
c:\users\dell\source\repos\student.c\student.c\student.c.cpp(12): error C2143: 语法错误: 缺少“;”(在“}”的前面)
c:\users\dell\source\repos\student.c\student.c\student.c.cpp(16): error C2065: “stu”: 未声明的标识符
c:\users\dell\source\repos\student.c\student.c\student.c.cpp(16): error C2146: 语法错误: 缺少“;”(在标识符“s”的前面)
c:\users\dell\source\repos\student.c\student.c\student.c.cpp(16): error C2065: “s”: 未声明的标识符
c:\users\dell\source\repos\student.c\student.c\student.c.cpp(22): error C2065: “s”: 未声明的标识符
c:\users\dell\source\repos\student.c\student.c\student.c.cpp(22): error C2228: “.id”的左边必须有类/结构/联合
c:\users\dell\source\repos\student.c\student.c\student.c.cpp(22): error C2228: “.sco1”的左边必须有类/结构/联合
c:\users\dell\source\repos\student.c\student.c\student.c.cpp(22): error C2228: “.sco2”的左边必须有类/结构/联合
c:\users\dell\source\repos\student.c\student.c\student.c.cpp(22): error C2228: “.sco3”的左边必须有类/结构/联合
c:\users\dell\source\repos\student.c\student.c\student.c.cpp(27): error C2561: “main”: 函数必须返回值
  c:\users\dell\source\repos\student.c\student.c\student.c.cpp(13): note: 参见“main”的声明
c:\users\dell\source\repos\student.c\student.c\student.c.cpp(31): error C2065: “s”: 未声明的标识符
c:\users\dell\source\repos\student.c\student.c\student.c.cpp(31): error C2228: “.sco1”的左边必须有类/结构/联合
c:\users\dell\source\repos\student.c\student.c\student.c.cpp(31): error C2228: “.sco2”的左边必须有类/结构/联合
c:\users\dell\source\repos\student.c\student.c\student.c.cpp(31): error C2228: “.sco3”的左边必须有类/结构/联合
c:\users\dell\source\repos\student.c\student.c\student.c.cpp(32): error C2065: “s”: 未声明的标识符
c:\users\dell\source\repos\student.c\student.c\student.c.cpp(32): error C2228: “.id”的左边必须有类/结构/联合
c:\users\dell\source\repos\student.c\student.c\student.c.cpp(32): error C2228: “.sco21”的左边必须有类/结构/联合
c:\users\dell\source\repos\student.c\student.c\student.c.cpp(32): error C2228: “.sco2”的左边必须有类/结构/联合
c:\users\dell\source\repos\student.c\student.c\student.c.cpp(32): error C2228: “.sco3”的左边必须有类/结构/联合
c:\users\dell\source\repos\student.c\student.c\student.c.cpp(22): warning C4473: “scanf_s”: 没有为格式字符串传递足够的参数
  c:\users\dell\source\repos\student.c\student.c\student.c.cpp(22): note: 占位符和其参数预计 6 可变参数，但提供的却是 0 参数
  c:\users\dell\source\repos\student.c\student.c\student.c.cpp(22): note: 缺失的可变参数 1 为格式字符串“%s”所需
  c:\users\dell\source\repos\student.c\student.c\student.c.cpp(22): note: 此参数由转换说明符使用
c:\users\dell\source\repos\student.c\student.c\student.c.cpp(24): error C4996: 'fopen': This function or variable may be unsafe. Consider using fopen_s instead. To disable deprecation, use _CRT_SECURE_NO_WARNINGS. See online help for details.
  c:\program files (x86)\windows kits\10\include\10.0.17134.0\ucrt\stdio.h(208): note: 参见“fopen”的声明
c:\users\dell\source\repos\student.c\student.c\student.c.cpp(32): warning C4477: “fprintf”: 格式字符串“%s”需要类型“char *”的参数，但可变参数 1 拥有了类型“double”
c:\users\dell\source\repos\student.c\student.c\student.c.cpp(32): warning C4473: “fprintf”: 没有为格式字符串传递足够的参数
  c:\users\dell\source\repos\student.c\student.c\student.c.cpp(32): note: 占位符和其参数预计 5 可变参数，但提供的却是 1 参数
  c:\users\dell\source\repos\student.c\student.c\student.c.cpp(32): note: 缺失的可变参数 2 为格式字符串“%d”所需
